This is pdfTeX, Version 3.141592653-2.6-1.40.22 (MiKTeX 21.6) (preloaded format=pdflatex 2021.6.14)  24 FEB 2022 14:15
entering extended mode
**"./Abstract Book-1.tex"
(Abstract Book-1.tex
LaTeX2e <2021-06-01>
L3 programming layer <2021-06-01>
(C:\Program Files\MiKTeX\tex/latex/amscls\amsart.cls
Document Class: amsart 2020/05/29 v2.20.6
\linespacing=\dimen138
\normalparindent=\dimen139
\normaltopskip=\skip47

(C:\Users\rahul goyal\AppData\Local\Programs\MiKTeX\tex/latex/amsmath\amsmath.s
ty
Package: amsmath 2021/04/20 v2.17j AMS math features
\@mathmargin=\skip48

For additional information on amsmath, use the `?' option.

(C:\Users\rahul goyal\AppData\Local\Programs\MiKTeX\tex/latex/amsmath\amstext.s
ty
Package: amstext 2000/06/29 v2.01 AMS text

(C:\Users\rahul goyal\AppData\Local\Programs\MiKTeX\tex/latex/amsmath\amsgen.st
y
File: amsgen.sty 1999/11/30 v2.0 generic functions
\@emptytoks=\toks16
\ex@=\dimen140
))
(C:\Users\rahul goyal\AppData\Local\Programs\MiKTeX\tex/latex/amsmath\amsbsy.st
y
Package: amsbsy 1999/11/29 v1.2d Bold Symbols
\pmbraise@=\dimen141
)
(C:\Users\rahul goyal\AppData\Local\Programs\MiKTeX\tex/latex/amsmath\amsopn.st
y
Package: amsopn 2016/03/08 v2.02 operator names
)
\inf@bad=\count182
LaTeX Info: Redefining \frac on input line 234.
\uproot@=\count183
\leftroot@=\count184
LaTeX Info: Redefining \overline on input line 399.
\classnum@=\count185
\DOTSCASE@=\count186
LaTeX Info: Redefining \ldots on input line 496.
LaTeX Info: Redefining \dots on input line 499.
LaTeX Info: Redefining \cdots on input line 620.
\Mathstrutbox@=\box50
\strutbox@=\box51
\big@size=\dimen142
LaTeX Font Info:    Redeclaring font encoding OML on input line 743.
LaTeX Font Info:    Redeclaring font encoding OMS on input line 744.
\macc@depth=\count187
\c@MaxMatrixCols=\count188
\dotsspace@=\muskip16
\c@parentequation=\count189
\dspbrk@lvl=\count190
\tag@help=\toks17
\row@=\count191
\column@=\count192
\maxfields@=\count193
\andhelp@=\toks18
\eqnshift@=\dimen143
\alignsep@=\dimen144
\tagshift@=\dimen145
\tagwidth@=\dimen146
\totwidth@=\dimen147
\lineht@=\dimen148
\@envbody=\toks19
\multlinegap=\skip49
\multlinetaggap=\skip50
\mathdisplay@stack=\toks20
LaTeX Info: Redefining \[ on input line 2923.
LaTeX Info: Redefining \] on input line 2924.
)
LaTeX Font Info:    Trying to load font information for U+msa on input line 397
.

(C:\Users\rahul goyal\AppData\Local\Programs\MiKTeX\tex/latex/amsfonts\umsa.fd
File: umsa.fd 2013/01/14 v3.01 AMS symbols A
)
(C:\Users\rahul goyal\AppData\Local\Programs\MiKTeX\tex/latex/amsfonts\amsfonts
.sty
Package: amsfonts 2013/01/14 v3.01 Basic AMSFonts support
\symAMSa=\mathgroup4
\symAMSb=\mathgroup5
LaTeX Font Info:    Redeclaring math symbol \hbar on input line 98.
LaTeX Font Info:    Overwriting math alphabet `\mathfrak' in version `bold'
(Font)                  U/euf/m/n --> U/euf/b/n on input line 106.
)
\copyins=\insert199
\abstractbox=\box52
\listisep=\skip51
\c@part=\count194
\c@section=\count195
\c@subsection=\count196
\c@subsubsection=\count197
\c@paragraph=\count198
\c@subparagraph=\count266
\c@figure=\count267
\c@table=\count268
\abovecaptionskip=\skip52
\belowcaptionskip=\skip53
\captionindent=\dimen149
\thm@style=\toks21
\thm@bodyfont=\toks22
\thm@headfont=\toks23
\thm@notefont=\toks24
\thm@headpunct=\toks25
\thm@preskip=\skip54
\thm@postskip=\skip55
\thm@headsep=\skip56
\dth@everypar=\toks26
)
(C:\Users\rahul goyal\AppData\Local\Programs\MiKTeX\tex/latex/amsfonts\amssymb.
sty
Package: amssymb 2013/01/14 v3.01 AMS font symbols
)
(C:\Users\rahul goyal\AppData\Local\Programs\MiKTeX\tex/latex/graphics\graphicx
.sty
Package: graphicx 2020/12/05 v1.2c Enhanced LaTeX Graphics (DPC,SPQR)

(C:\Users\rahul goyal\AppData\Local\Programs\MiKTeX\tex/latex/graphics\keyval.s
ty
Package: keyval 2014/10/28 v1.15 key=value parser (DPC)
\KV@toks@=\toks27
)
(C:\Users\rahul goyal\AppData\Local\Programs\MiKTeX\tex/latex/graphics\graphics
.sty
Package: graphics 2021/03/04 v1.4d Standard LaTeX Graphics (DPC,SPQR)

(C:\Users\rahul goyal\AppData\Local\Programs\MiKTeX\tex/latex/graphics\trig.sty
Package: trig 2016/01/03 v1.10 sin cos tan (DPC)
)
(C:\Users\rahul goyal\AppData\Local\Programs\MiKTeX\tex/latex/graphics-cfg\grap
hics.cfg
File: graphics.cfg 2016/06/04 v1.11 sample graphics configuration
)
Package graphics Info: Driver file: pdftex.def on input line 107.

(C:\Users\rahul goyal\AppData\Local\Programs\MiKTeX\tex/latex/graphics-def\pdft
ex.def
File: pdftex.def 2020/10/05 v1.2a Graphics/color driver for pdftex
))
\Gin@req@height=\dimen150
\Gin@req@width=\dimen151
) (C:\Program Files\MiKTeX\tex/latex/multirow\multirow.sty
Package: multirow 2021/03/15 v2.8 Span multiple rows of a table
\multirow@colwidth=\skip57
\multirow@cntb=\count269
\multirow@dima=\skip58
\bigstrutjot=\dimen152
)
(C:\Users\rahul goyal\AppData\Local\Programs\MiKTeX\tex/latex/url\url.sty
\Urlmuskip=\muskip17
Package: url 2013/09/16  ver 3.4  Verb mode for urls, etc.
)
(C:\Users\rahul goyal\AppData\Local\Programs\MiKTeX\tex/latex/hyperref\hyperref
.sty
Package: hyperref 2021-06-07 v7.00m Hypertext links for LaTeX
 (C:\Program Files\MiKTeX\tex/generic/ltxcmds\ltxcmds.sty
Package: ltxcmds 2020-05-10 v1.25 LaTeX kernel commands for general use (HO)
)
(C:\Users\rahul goyal\AppData\Local\Programs\MiKTeX\tex/generic/iftex\iftex.sty
Package: iftex 2020/03/06 v1.0d TeX engine tests
)
(C:\Users\rahul goyal\AppData\Local\Programs\MiKTeX\tex/generic/pdftexcmds\pdft
excmds.sty
Package: pdftexcmds 2020-06-27 v0.33 Utility functions of pdfTeX for LuaTeX (HO
)
 (C:\Program Files\MiKTeX\tex/generic/infwarerr\infwarerr.sty
Package: infwarerr 2019/12/03 v1.5 Providing info/warning/error messages (HO)
)
Package pdftexcmds Info: \pdf@primitive is available.
Package pdftexcmds Info: \pdf@ifprimitive is available.
Package pdftexcmds Info: \pdfdraftmode found.
)
(C:\Program Files\MiKTeX\tex/generic/kvsetkeys\kvsetkeys.sty
Package: kvsetkeys 2019/12/15 v1.18 Key value parser (HO)
)
(C:\Program Files\MiKTeX\tex/generic/kvdefinekeys\kvdefinekeys.sty
Package: kvdefinekeys 2019-12-19 v1.6 Define keys (HO)
)
(C:\Program Files\MiKTeX\tex/generic/pdfescape\pdfescape.sty
Package: pdfescape 2019/12/09 v1.15 Implements pdfTeX's escape features (HO)
)
(C:\Program Files\MiKTeX\tex/latex/hycolor\hycolor.sty
Package: hycolor 2020-01-27 v1.10 Color options for hyperref/bookmark (HO)
)
(C:\Program Files\MiKTeX\tex/latex/letltxmacro\letltxmacro.sty
Package: letltxmacro 2019/12/03 v1.6 Let assignment for LaTeX macros (HO)
)
(C:\Program Files\MiKTeX\tex/latex/auxhook\auxhook.sty
Package: auxhook 2019-12-17 v1.6 Hooks for auxiliary files (HO)
)
(C:\Program Files\MiKTeX\tex/latex/kvoptions\kvoptions.sty
Package: kvoptions 2020-10-07 v3.14 Key value format for package options (HO)
)
\@linkdim=\dimen153
\Hy@linkcounter=\count270
\Hy@pagecounter=\count271

(C:\Users\rahul goyal\AppData\Local\Programs\MiKTeX\tex/latex/hyperref\pd1enc.d
ef
File: pd1enc.def 2021-06-07 v7.00m Hyperref: PDFDocEncoding definition (HO)
Now handling font encoding PD1 ...
... no UTF-8 mapping file for font encoding PD1
)
(C:\Users\rahul goyal\AppData\Local\Programs\MiKTeX\tex/latex/hyperref\hyperref
-langpatches.def
File: hyperref-langpatches.def 2021-06-07 v7.00m Hyperref: patches for babel la
nguages
) (C:\Program Files\MiKTeX\tex/generic/intcalc\intcalc.sty
Package: intcalc 2019/12/15 v1.3 Expandable calculations with integers (HO)
)
(C:\Program Files\MiKTeX\tex/generic/etexcmds\etexcmds.sty
Package: etexcmds 2019/12/15 v1.7 Avoid name clashes with e-TeX commands (HO)
)
\Hy@SavedSpaceFactor=\count272

(C:\Users\rahul goyal\AppData\Local\Programs\MiKTeX\tex/latex/hyperref\puenc.de
f
File: puenc.def 2021-06-07 v7.00m Hyperref: PDF Unicode definition (HO)
Now handling font encoding PU ...
... no UTF-8 mapping file for font encoding PU
)
Package hyperref Info: Hyper figures OFF on input line 4192.
Package hyperref Info: Link nesting OFF on input line 4197.
Package hyperref Info: Hyper index ON on input line 4200.
Package hyperref Info: Plain pages OFF on input line 4207.
Package hyperref Info: Backreferencing OFF on input line 4212.
Package hyperref Info: Implicit mode ON; LaTeX internals redefined.
Package hyperref Info: Bookmarks ON on input line 4445.
\c@Hy@tempcnt=\count273
LaTeX Info: Redefining \url on input line 4804.
\XeTeXLinkMargin=\dimen154
 (C:\Program Files\MiKTeX\tex/generic/bitset\bitset.sty
Package: bitset 2019/12/09 v1.3 Handle bit-vector datatype (HO)

(C:\Program Files\MiKTeX\tex/generic/bigintcalc\bigintcalc.sty
Package: bigintcalc 2019/12/15 v1.5 Expandable calculations on big integers (HO
)
))
\Fld@menulength=\count274
\Field@Width=\dimen155
\Fld@charsize=\dimen156
Package hyperref Info: Hyper figures OFF on input line 6076.
Package hyperref Info: Link nesting OFF on input line 6081.
Package hyperref Info: Hyper index ON on input line 6084.
Package hyperref Info: backreferencing OFF on input line 6091.
Package hyperref Info: Link coloring OFF on input line 6096.
Package hyperref Info: Link coloring with OCG OFF on input line 6101.
Package hyperref Info: PDF/A mode OFF on input line 6106.
LaTeX Info: Redefining \ref on input line 6146.
LaTeX Info: Redefining \pageref on input line 6150.

(C:\Users\rahul goyal\AppData\Local\Programs\MiKTeX\tex/latex/base\atbegshi-ltx
.sty
Package: atbegshi-ltx 2021/01/10 v1.0c Emulation of the original atbegshi
package with kernel methods
)
\Hy@abspage=\count275
\c@Item=\count276
\c@Hfootnote=\count277
)
Package hyperref Info: Driver (autodetected): hpdftex.

(C:\Users\rahul goyal\AppData\Local\Programs\MiKTeX\tex/latex/hyperref\hpdftex.
def
File: hpdftex.def 2021-06-07 v7.00m Hyperref driver for pdfTeX

(C:\Users\rahul goyal\AppData\Local\Programs\MiKTeX\tex/latex/base\atveryend-lt
x.sty
Package: atveryend-ltx 2020/08/19 v1.0a Emulation of the original atvery packag
e
with kernel methods
)
\Fld@listcount=\count278
\c@bookmark@seq@number=\count279
 (C:\Program Files\MiKTeX\tex/latex/rerunfilecheck\rerunfilecheck.sty
Package: rerunfilecheck 2019/12/05 v1.9 Rerun checks for auxiliary files (HO)

(C:\Program Files\MiKTeX\tex/generic/uniquecounter\uniquecounter.sty
Package: uniquecounter 2019/12/15 v1.4 Provide unlimited unique counter (HO)
)
Package uniquecounter Info: New unique counter `rerunfilecheck' on input line 2
86.
)
\Hy@SectionHShift=\skip59
)
(C:\Program Files\MiKTeX\tex/latex/fancyhdr\fancyhdr.sty
Package: fancyhdr 2021/01/28 v4.0.1 Extensive control of page headers and foote
rs
\f@nch@headwidth=\skip60
\f@nch@O@elh=\skip61
\f@nch@O@erh=\skip62
\f@nch@O@olh=\skip63
\f@nch@O@orh=\skip64
\f@nch@O@elf=\skip65
\f@nch@O@erf=\skip66
\f@nch@O@olf=\skip67
\f@nch@O@orf=\skip68
)
(C:\Program Files\MiKTeX\tex/latex/wrapfig\wrapfig.sty
\wrapoverhang=\dimen157
\WF@size=\dimen158
\c@WF@wrappedlines=\count280
\WF@box=\box53
\WF@everypar=\toks28
Package: wrapfig 2003/01/31  v 3.6
)
(C:\Users\rahul goyal\AppData\Local\Programs\MiKTeX\tex/latex/caption\caption.s
ty
Package: caption 2020/10/26 v3.5g Customizing captions (AR)

(C:\Users\rahul goyal\AppData\Local\Programs\MiKTeX\tex/latex/caption\caption3.
sty
Package: caption3 2020/10/21 v2.2e caption3 kernel (AR)
\captionmargin=\dimen159
\captionmargin@=\dimen160
\captionwidth=\dimen161
\caption@tempdima=\dimen162
\caption@indent=\dimen163
\caption@parindent=\dimen164
\caption@hangindent=\dimen165
Package caption Info: AMS or SMF document class detected.

(C:\Users\rahul goyal\AppData\Local\Programs\MiKTeX\tex/latex/caption\caption-a
ms-smf.sto
File: caption-ams-smf.sto 2020/08/22 v2.0 Adaption of the caption package to th
e AMS and SMF document classes (AR)
))
\c@caption@flags=\count281
\c@continuedfloat=\count282
Package caption Info: hyperref package is loaded.
Package caption Info: wrapfig package is loaded.
) (C:\Program Files\MiKTeX\tex/latex/lipsum\lipsum.sty
(C:\Users\rahul goyal\AppData\Local\Programs\MiKTeX\tex/latex/l3packages/l3keys
2e\l3keys2e.sty
(C:\Users\rahul goyal\AppData\Local\Programs\MiKTeX\tex/latex/l3kernel\expl3.st
y
Package: expl3 2021-06-01 L3 programming layer (loader) 

(C:\Users\rahul goyal\AppData\Local\Programs\MiKTeX\tex/latex/l3backend\l3backe
nd-pdftex.def
File: l3backend-pdftex.def 2021-05-07 L3 backend support: PDF output (pdfTeX)
\l__color_backend_stack_int=\count283
\l__pdf_internal_box=\box54
))
Package: l3keys2e 2021-06-01 LaTeX2e option processing using LaTeX3 keys
)
Package: lipsum 2021-08-01 v2.5 150 paragraphs of Lorem Ipsum dummy text
\g__lipsum_par_int=\count284
\l__lipsum_a_int=\count285
\l__lipsum_b_int=\count286
 (C:\Program Files\MiKTeX\tex/latex/lipsum\lipsum.ltd.tex))
(C:\Program Files\MiKTeX\tex/latex/pdfpages\pdfpages.sty
Package: pdfpages 2021/03/06 v0.5t Insert pages of external PDF documents (AM)

(C:\Users\rahul goyal\AppData\Local\Programs\MiKTeX\tex/latex/base\ifthen.sty
Package: ifthen 2020/11/24 v1.1c Standard LaTeX ifthen package (DPC)
)
(C:\Users\rahul goyal\AppData\Local\Programs\MiKTeX\tex/latex/tools\calc.sty
Package: calc 2017/05/25 v4.3 Infix arithmetic (KKT,FJ)
\calc@Acount=\count287
\calc@Bcount=\count288
\calc@Adimen=\dimen166
\calc@Bdimen=\dimen167
\calc@Askip=\skip69
\calc@Bskip=\skip70
LaTeX Info: Redefining \setlength on input line 80.
LaTeX Info: Redefining \addtolength on input line 81.
\calc@Ccount=\count289
\calc@Cskip=\skip71
)
(C:\Program Files\MiKTeX\tex/latex/eso-pic\eso-pic.sty
Package: eso-pic 2020/10/14 v3.0a eso-pic (RN)
\ESO@tempdima=\dimen168
\ESO@tempdimb=\dimen169

(C:\Users\rahul goyal\AppData\Local\Programs\MiKTeX\tex/latex/xcolor\xcolor.sty
Package: xcolor 2016/05/11 v2.12 LaTeX color extensions (UK)

(C:\Users\rahul goyal\AppData\Local\Programs\MiKTeX\tex/latex/graphics-cfg\colo
r.cfg
File: color.cfg 2016/01/02 v1.6 sample color configuration
)
Package xcolor Info: Driver file: pdftex.def on input line 225.
Package xcolor Info: Model `cmy' substituted by `cmy0' on input line 1348.
Package xcolor Info: Model `hsb' substituted by `rgb' on input line 1352.
Package xcolor Info: Model `RGB' extended on input line 1364.
Package xcolor Info: Model `HTML' substituted by `rgb' on input line 1366.
Package xcolor Info: Model `Hsb' substituted by `hsb' on input line 1367.
Package xcolor Info: Model `tHsb' substituted by `hsb' on input line 1368.
Package xcolor Info: Model `HSB' substituted by `hsb' on input line 1369.
Package xcolor Info: Model `Gray' substituted by `gray' on input line 1370.
Package xcolor Info: Model `wave' substituted by `hsb' on input line 1371.
))
\AM@pagewidth=\dimen170
\AM@pageheight=\dimen171
\AM@fboxrule=\dimen172
 (C:\Program Files\MiKTeX\tex/latex/pdfpages\pppdftex.def
File: pppdftex.def 2021/03/06 v0.5t Pdfpages driver for pdfTeX (AM)
)
\pdfpages@includegraphics@status=\count290
\AM@pagebox=\box55
\AM@global@opts=\toks29
\AM@pagecnt=\count291
\AM@toc@title=\toks30
\c@AM@survey=\count292
\AM@templatesizebox=\box56
)
(Abstract Book-1.aux)
\openout1 = `"Abstract Book-1.aux"'.

LaTeX Font Info:    Checking defaults for OML/cmm/m/it on input line 32.
LaTeX Font Info:    ... okay on input line 32.
LaTeX Font Info:    Checking defaults for OMS/cmsy/m/n on input line 32.
LaTeX Font Info:    ... okay on input line 32.
LaTeX Font Info:    Checking defaults for OT1/cmr/m/n on input line 32.
LaTeX Font Info:    ... okay on input line 32.
LaTeX Font Info:    Checking defaults for T1/cmr/m/n on input line 32.
LaTeX Font Info:    ... okay on input line 32.
LaTeX Font Info:    Checking defaults for TS1/cmr/m/n on input line 32.
LaTeX Font Info:    ... okay on input line 32.
LaTeX Font Info:    Checking defaults for OMX/cmex/m/n on input line 32.
LaTeX Font Info:    ... okay on input line 32.
LaTeX Font Info:    Checking defaults for U/cmr/m/n on input line 32.
LaTeX Font Info:    ... okay on input line 32.
LaTeX Font Info:    Checking defaults for PD1/pdf/m/n on input line 32.
LaTeX Font Info:    ... okay on input line 32.
LaTeX Font Info:    Checking defaults for PU/pdf/m/n on input line 32.
LaTeX Font Info:    ... okay on input line 32.
LaTeX Font Info:    Trying to load font information for U+msa on input line 32.


(C:\Users\rahul goyal\AppData\Local\Programs\MiKTeX\tex/latex/amsfonts\umsa.fd
File: umsa.fd 2013/01/14 v3.01 AMS symbols A
)
LaTeX Font Info:    Trying to load font information for U+msb on input line 32.

(C:\Users\rahul goyal\AppData\Local\Programs\MiKTeX\tex/latex/amsfonts\umsb.fd
File: umsb.fd 2013/01/14 v3.01 AMS symbols B
)
(C:\Users\rahul goyal\AppData\Local\Programs\MiKTeX\tex/context/base/mkii\supp-
pdf.mkii
[Loading MPS to PDF converter (version 2006.09.02).]
\scratchcounter=\count293
\scratchdimen=\dimen173
\scratchbox=\box57
\nofMPsegments=\count294
\nofMParguments=\count295
\everyMPshowfont=\toks31
\MPscratchCnt=\count296
\MPscratchDim=\dimen174
\MPnumerator=\count297
\makeMPintoPDFobject=\count298
\everyMPtoPDFconversion=\toks32
)
(C:\Users\rahul goyal\AppData\Local\Programs\MiKTeX\tex/latex/epstopdf-pkg\epst
opdf-base.sty
Package: epstopdf-base 2020-01-24 v2.11 Base part for package epstopdf
Package epstopdf-base Info: Redefining graphics rule for `.eps' on input line 4
85.

(C:\Users\rahul goyal\AppData\Local\Programs\MiKTeX\tex/latex/00miktex\epstopdf
-sys.cfg
File: epstopdf-sys.cfg 2021/03/18 v2.0 Configuration of epstopdf for MiKTeX
))
Package hyperref Info: Link coloring OFF on input line 32.

(C:\Users\rahul goyal\AppData\Local\Programs\MiKTeX\tex/latex/hyperref\nameref.
sty
Package: nameref 2021-04-02 v2.47 Cross-referencing by name of section
 (C:\Program Files\MiKTeX\tex/latex/refcount\refcount.sty
Package: refcount 2019/12/15 v3.6 Data extraction from label references (HO)
)
(C:\Program Files\MiKTeX\tex/generic/gettitlestring\gettitlestring.sty
Package: gettitlestring 2019/12/15 v1.6 Cleanup title references (HO)
)
\c@section@level=\count299
)
LaTeX Info: Redefining \ref on input line 32.
LaTeX Info: Redefining \pageref on input line 32.
LaTeX Info: Redefining \nameref on input line 32.

(Abstract Book-1.out) (Abstract Book-1.out)
\@outlinefile=\write3
\openout3 = `"Abstract Book-1.out"'.

Package caption Info: Begin \AtBeginDocument code.
Package caption Info: End \AtBeginDocument code.

(C:\Program Files\MiKTeX\tex/latex/pdflscape\pdflscape.sty
Package: pdflscape 2019/12/05 v0.12 Display of landscape pages in PDF (HO)

(C:\Users\rahul goyal\AppData\Local\Programs\MiKTeX\tex/latex/graphics\lscape.s
ty
Package: lscape 2020/05/28 v3.02 Landscape Pages (DPC)
)
Package pdflscape Info: Auto-detected driver: pdftex on input line 81.
)

pdfTeX warning: pdflatex.exe (file ./coverpage6.pdf): PDF inclusion: found PDF 
version <1.7>, but at most version <1.5> allowed
<coverpage6.pdf, id=3, 597.23125pt x 845.1575pt>
File: coverpage6.pdf Graphic file (type pdf)
<use coverpage6.pdf>
Package pdftex.def Info: coverpage6.pdf  used on input line 33.
(pdftex.def)             Requested size: 597.22978pt x 845.15544pt.


pdfTeX warning: pdflatex.exe (file ./coverpage6.pdf): PDF inclusion: found PDF 
version <1.7>, but at most version <1.5> allowed
File: coverpage6.pdf Graphic file (type pdf)
<use coverpage6.pdf>
Package pdftex.def Info: coverpage6.pdf  used on input line 33.
(pdftex.def)             Requested size: 597.22978pt x 845.15544pt.


pdfTeX warning: pdflatex.exe (file ./coverpage6.pdf): PDF inclusion: found PDF 
version <1.7>, but at most version <1.5> allowed


pdfTeX warning: pdflatex.exe (file ./coverpage6.pdf): PDF inclusion: found PDF 
version <1.7>, but at most version <1.5> allowed
<coverpage6.pdf, id=6, page=1, 597.23125pt x 845.1575pt>
File: coverpage6.pdf Graphic file (type pdf)
<use coverpage6.pdf, page 1>
Package pdftex.def Info: coverpage6.pdf , page1 used on input line 33.
(pdftex.def)             Requested size: 597.22978pt x 845.15544pt.
File: coverpage6.pdf Graphic file (type pdf)
<use coverpage6.pdf, page 1>
Package pdftex.def Info: coverpage6.pdf , page1 used on input line 33.
(pdftex.def)             Requested size: 561.86221pt x 795.10587pt.
File: coverpage6.pdf Graphic file (type pdf)
<use coverpage6.pdf, page 1>
Package pdftex.def Info: coverpage6.pdf , page1 used on input line 33.
(pdftex.def)             Requested size: 561.86221pt x 795.10587pt.
File: coverpage6.pdf Graphic file (type pdf)
<use coverpage6.pdf, page 1>
Package pdftex.def Info: coverpage6.pdf , page1 used on input line 33.
(pdftex.def)             Requested size: 561.86221pt x 795.10587pt.
File: coverpage6.pdf Graphic file (type pdf)
<use coverpage6.pdf, page 1>
Package pdftex.def Info: coverpage6.pdf , page1 used on input line 33.
(pdftex.def)             Requested size: 561.86221pt x 795.10587pt.
[1 <./coverpage6.pdf>] [2{C:/Users/rahul goyal/AppData/Local/MiKTeX/pdftex/conf
ig/pdftex.map}]
Underfull \hbox (badness 10000) in paragraph at lines 59--62

 []


Overfull \hbox (8.08415pt too wide) in paragraph at lines 69--70
[]\OT1/cmr/m/n/10.95 Prof. Samad Noeiagh-dam(Irkutsk Na-tional Re-search Tech-n
i-cal Uni-ver-sity, Irkutsk,
 []


Overfull \hbox (4.64702pt too wide) in paragraph at lines 70--71
[]\OT1/cmr/m/n/10.95 Prof. Ruzana Pskhu(Peoples' Friend-ship Uni-ver-sity of Ru
s-sia (RUDN-University),
 []


Overfull \hbox (39.97609pt too wide) in paragraph at lines 75--76
[]\OT1/cmr/m/n/10.95 Prof. Shams For-ruque Ahmed(Asian Uni-ver-sity for women, 
Chit-tagong, BANGLADESH) 
 []


Overfull \vbox (4.6667pt too high) has occurred while \output is active []


[3]
Underfull \hbox (badness 10000) in paragraph at lines 89--91

 []


Underfull \hbox (badness 10000) in paragraph at lines 108--116

 []


Underfull \hbox (badness 10000) in paragraph at lines 108--116

 []


Overfull \vbox (4.6667pt too high) has occurred while \output is active []


[4]
Underfull \hbox (badness 10000) in paragraph at lines 212--214

 []


Underfull \hbox (badness 10000) in paragraph at lines 218--223

 []


Underfull \hbox (badness 10000) in paragraph at lines 218--223

 []


Underfull \hbox (badness 10000) in paragraph at lines 227--232

 []


Underfull \hbox (badness 10000) in paragraph at lines 227--232

 []


Underfull \hbox (badness 10000) in paragraph at lines 241--246

 []


Underfull \hbox (badness 10000) in paragraph at lines 241--246

 []


Underfull \hbox (badness 10000) in paragraph at lines 250--255

 []


Underfull \hbox (badness 10000) in paragraph at lines 250--255

 []


Underfull \hbox (badness 10000) in paragraph at lines 259--264

 []


Underfull \hbox (badness 10000) in paragraph at lines 259--264

 []


Overfull \vbox (4.6667pt too high) has occurred while \output is active []


[5]
Underfull \hbox (badness 10000) in paragraph at lines 272--282

 []


Underfull \hbox (badness 10000) in paragraph at lines 272--282

 []


Underfull \hbox (badness 10000) in paragraph at lines 285--293

 []


Underfull \hbox (badness 10000) in paragraph at lines 285--293

 []


Underfull \hbox (badness 10000) in paragraph at lines 285--293

 []


Overfull \vbox (4.6667pt too high) has occurred while \output is active []


[6]
Underfull \hbox (badness 10000) in paragraph at lines 316--321

 []


Underfull \hbox (badness 10000) in paragraph at lines 340--347

 []


Underfull \hbox (badness 10000) in paragraph at lines 340--347

 []


Overfull \vbox (4.6667pt too high) has occurred while \output is active []


[7]
Underfull \hbox (badness 10000) in paragraph at lines 384--387

 []


Underfull \hbox (badness 10000) in paragraph at lines 394--397

 []


Overfull \vbox (4.6667pt too high) has occurred while \output is active []


[8]
Underfull \hbox (badness 10000) in paragraph at lines 402--406

 []


Overfull \vbox (4.6667pt too high) has occurred while \output is active []


[9]
Overfull \vbox (4.6667pt too high) has occurred while \output is active []


[10]
<RG1.jpg, id=59, 603.25375pt x 662.475pt>
File: RG1.jpg Graphic file (type jpg)
<use RG1.jpg>
Package pdftex.def Info: RG1.jpg  used on input line 440.
(pdftex.def)             Requested size: 94.7pt x 104.0pt.

Overfull \vbox (4.6667pt too high) has occurred while \output is active []


[11 <./RG1.jpg>]
<MM.jpg, id=65, 1067.99pt x 1067.99pt>
File: MM.jpg Graphic file (type jpg)
<use MM.jpg>
Package pdftex.def Info: MM.jpg  used on input line 465.
(pdftex.def)             Requested size: 103.98601pt x 104.0pt.

Overfull \vbox (4.6667pt too high) has occurred while \output is active []


[12 <./MM.jpg>]
<VC.jpg, id=70, 1065.9825pt x 1065.9825pt>
File: VC.jpg Graphic file (type jpg)
<use VC.jpg>
Package pdftex.def Info: VC.jpg  used on input line 494.
(pdftex.def)             Requested size: 103.98573pt x 104.0pt.

Overfull \vbox (4.6667pt too high) has occurred while \output is active []


[13 <./VC.jpg>]
<PP.jpg, id=76, 1065.9825pt x 1067.99pt>
File: PP.jpg Graphic file (type jpg)
<use PP.jpg>
Package pdftex.def Info: PP.jpg  used on input line 535.
(pdftex.def)             Requested size: 103.79054pt x 104.0pt.

Overfull \vbox (4.6667pt too high) has occurred while \output is active []


[14 <./PP.jpg>]
<VP.jpg, id=81, 1065.9825pt x 1067.99pt>
File: VP.jpg Graphic file (type jpg)
<use VP.jpg>
Package pdftex.def Info: VP.jpg  used on input line 556.
(pdftex.def)             Requested size: 103.79054pt x 104.0pt.

Overfull \vbox (4.6667pt too high) has occurred while \output is active []


[15 <./VP.jpg>]
Overfull \vbox (4.6667pt too high) has occurred while \output is active []


[16]
<Deepak Bhatia.jpg, id=90, 108.405pt x 144.54pt>
File: Deepak Bhatia.jpg Graphic file (type jpg)
<use Deepak Bhatia.jpg>
Package pdftex.def Info: Deepak Bhatia.jpg  used on input line 589.
(pdftex.def)             Requested size: 78.00024pt x 104.0pt.

Overfull \vbox (4.6667pt too high) has occurred while \output is active []


[17 <./Deepak Bhatia.jpg>]
Overfull \vbox (4.6667pt too high) has occurred while \output is active []


[18]
<BM2.jpg, id=99, 585.18625pt x 543.02875pt>
File: BM2.jpg Graphic file (type jpg)
<use BM2.jpg>
Package pdftex.def Info: BM2.jpg  used on input line 618.
(pdftex.def)             Requested size: 112.07053pt x 104.0pt.

Overfull \vbox (4.6667pt too high) has occurred while \output is active []


[19 <./BM2.jpg>]
<HS.png, id=105, 177.66376pt x 265.99374pt>
File: HS.png Graphic file (type png)
<use HS.png>
Package pdftex.def Info: HS.png  used on input line 643.
(pdftex.def)             Requested size: 69.46208pt x 104.0pt.

Overfull \vbox (4.6667pt too high) has occurred while \output is active []


[20 <./HS.png>]
<Final.pdf, id=110, 597.55246pt x 845.07718pt>
File: Final.pdf Graphic file (type pdf)
<use Final.pdf>
Package pdftex.def Info: Final.pdf  used on input line 674.
(pdftex.def)             Requested size: 597.551pt x 845.07512pt.
File: Final.pdf Graphic file (type pdf)
<use Final.pdf>
Package pdftex.def Info: Final.pdf  used on input line 674.
(pdftex.def)             Requested size: 597.551pt x 845.07512pt.
<Final.pdf, id=113, page=1, 597.55246pt x 845.07718pt>
File: Final.pdf Graphic file (type pdf)
<use Final.pdf, page 1>
Package pdftex.def Info: Final.pdf , page1 used on input line 674.
(pdftex.def)             Requested size: 597.551pt x 845.07512pt.
File: Final.pdf Graphic file (type pdf)
<use Final.pdf, page 1>
Package pdftex.def Info: Final.pdf , page1 used on input line 674.
(pdftex.def)             Requested size: 418.28386pt x 591.55pt.
File: Final.pdf Graphic file (type pdf)
<use Final.pdf, page 1>
Package pdftex.def Info: Final.pdf , page1 used on input line 674.
(pdftex.def)             Requested size: 418.28386pt x 591.55pt.
File: Final.pdf Graphic file (type pdf)
<use Final.pdf, page 1>
Package pdftex.def Info: Final.pdf , page1 used on input line 674.
(pdftex.def)             Requested size: 418.28386pt x 591.55pt.

Overfull \vbox (4.6667pt too high) has occurred while \output is active []

File: Final.pdf Graphic file (type pdf)
<use Final.pdf, page 1>
Package pdftex.def Info: Final.pdf , page1 used on input line 674.
(pdftex.def)             Requested size: 418.28386pt x 591.55pt.

[21 <./Final.pdf>]
<Final.pdf, id=154, page=2, 597.55246pt x 845.07718pt>
File: Final.pdf Graphic file (type pdf)
<use Final.pdf, page 2>
Package pdftex.def Info: Final.pdf , page2 used on input line 674.
(pdftex.def)             Requested size: 418.28386pt x 591.55pt.
File: Final.pdf Graphic file (type pdf)
<use Final.pdf, page 2>
Package pdftex.def Info: Final.pdf , page2 used on input line 674.
(pdftex.def)             Requested size: 418.28386pt x 591.55pt.

Overfull \vbox (4.6667pt too high) has occurred while \output is active []

File: Final.pdf Graphic file (type pdf)
<use Final.pdf, page 2>
Package pdftex.def Info: Final.pdf , page2 used on input line 674.
(pdftex.def)             Requested size: 418.28386pt x 591.55pt.

[22 <./Final.pdf>]
<Final.pdf, id=161, page=3, 597.55246pt x 845.07718pt>
File: Final.pdf Graphic file (type pdf)
<use Final.pdf, page 3>
Package pdftex.def Info: Final.pdf , page3 used on input line 674.
(pdftex.def)             Requested size: 418.28386pt x 591.55pt.
File: Final.pdf Graphic file (type pdf)
<use Final.pdf, page 3>
Package pdftex.def Info: Final.pdf , page3 used on input line 674.
(pdftex.def)             Requested size: 418.28386pt x 591.55pt.

Overfull \vbox (4.6667pt too high) has occurred while \output is active []

File: Final.pdf Graphic file (type pdf)
<use Final.pdf, page 3>
Package pdftex.def Info: Final.pdf , page3 used on input line 674.
(pdftex.def)             Requested size: 418.28386pt x 591.55pt.

[23 <./Final.pdf>]
<Final.pdf, id=167, page=4, 597.55246pt x 845.07718pt>
File: Final.pdf Graphic file (type pdf)
<use Final.pdf, page 4>
Package pdftex.def Info: Final.pdf , page4 used on input line 674.
(pdftex.def)             Requested size: 418.28386pt x 591.55pt.
File: Final.pdf Graphic file (type pdf)
<use Final.pdf, page 4>
Package pdftex.def Info: Final.pdf , page4 used on input line 674.
(pdftex.def)             Requested size: 418.28386pt x 591.55pt.

Overfull \vbox (4.6667pt too high) has occurred while \output is active []

File: Final.pdf Graphic file (type pdf)
<use Final.pdf, page 4>
Package pdftex.def Info: Final.pdf , page4 used on input line 674.
(pdftex.def)             Requested size: 418.28386pt x 591.55pt.

[24 <./Final.pdf>]
<Final.pdf, id=173, page=5, 597.55246pt x 845.07718pt>
File: Final.pdf Graphic file (type pdf)
<use Final.pdf, page 5>
Package pdftex.def Info: Final.pdf , page5 used on input line 674.
(pdftex.def)             Requested size: 418.28386pt x 591.55pt.
File: Final.pdf Graphic file (type pdf)
<use Final.pdf, page 5>
Package pdftex.def Info: Final.pdf , page5 used on input line 674.
(pdftex.def)             Requested size: 418.28386pt x 591.55pt.

Overfull \vbox (4.6667pt too high) has occurred while \output is active []

File: Final.pdf Graphic file (type pdf)
<use Final.pdf, page 5>
Package pdftex.def Info: Final.pdf , page5 used on input line 674.
(pdftex.def)             Requested size: 418.28386pt x 591.55pt.

[25 <./Final.pdf>]
Overfull \vbox (4.6667pt too high) has occurred while \output is active []


[26]
<ASR2.jpg, id=184, 241.65282pt x 277.78781pt>
File: ASR2.jpg Graphic file (type jpg)
<use ASR2.jpg>
Package pdftex.def Info: ASR2.jpg  used on input line 698.
(pdftex.def)             Requested size: 71.1321pt x 71.12953pt.

Overfull \vbox (4.6667pt too high) has occurred while \output is active []


[27 <./ASR2.jpg>]
<VEB2.jpg, id=189, 144.54pt x 201.00093pt>
File: VEB2.jpg Graphic file (type jpg)
<use VEB2.jpg>
Package pdftex.def Info: VEB2.jpg  used on input line 725.
(pdftex.def)             Requested size: 71.13177pt x 71.13039pt.

Overfull \vbox (4.6667pt too high) has occurred while \output is active []


[28 <./VEB2.jpg>]
<DB2.jpg, id=194, 108.0765pt x 108.0765pt>
File: DB2.jpg Graphic file (type jpg)
<use DB2.jpg>
Package pdftex.def Info: DB2.jpg  used on input line 770.
(pdftex.def)             Requested size: 71.13446pt x 71.13446pt.

Overfull \vbox (4.6667pt too high) has occurred while \output is active []


[29 <./DB2.jpg>]
<CC2.jpg, id=199, 130.4875pt x 130.4875pt>
File: CC2.jpg Graphic file (type jpg)
<use CC2.jpg>
Package pdftex.def Info: CC2.jpg  used on input line 800.
(pdftex.def)             Requested size: 71.13318pt x 71.13318pt.

Overfull \vbox (4.6667pt too high) has occurred while \output is active []


[30 <./CC2.jpg>]
<YKM2.jpg, id=204, 130.4875pt x 125.46875pt>
File: YKM2.jpg Graphic file (type jpg)
<use YKM2.jpg>
Package pdftex.def Info: YKM2.jpg  used on input line 823.
(pdftex.def)             Requested size: 71.13318pt x 71.13501pt.

Overfull \vbox (4.6667pt too high) has occurred while \output is active []


[31 <./YKM2.jpg>]
<MB2.jpg, id=210, 199.74625pt x 249.93375pt>
File: MB2.jpg Graphic file (type jpg)
<use MB2.jpg>
Package pdftex.def Info: MB2.jpg  used on input line 854.
(pdftex.def)             Requested size: 71.13138pt x 71.13269pt.

Overfull \vbox (4.6667pt too high) has occurred while \output is active []


[32 <./MB2.jpg>]
<SN2.jpg, id=215, 130.4875pt x 130.4875pt>
File: SN2.jpg Graphic file (type jpg)
<use SN2.jpg>
Package pdftex.def Info: SN2.jpg  used on input line 883.
(pdftex.def)             Requested size: 71.13318pt x 71.13318pt.

Overfull \vbox (4.6667pt too high) has occurred while \output is active []


[33 <./SN2.jpg>]
<AKV2.jpg, id=221, 834.11626pt x 834.11626pt>
File: AKV2.jpg Graphic file (type jpg)
<use AKV2.jpg>
Package pdftex.def Info: AKV2.jpg  used on input line 915.
(pdftex.def)             Requested size: 71.12167pt x 71.12167pt.

Overfull \vbox (4.6667pt too high) has occurred while \output is active []


[34 <./AKV2.jpg>]
<RP2.jpg, id=226, 824.07875pt x 691.58376pt>
File: RP2.jpg Graphic file (type jpg)
<use RP2.jpg>
Package pdftex.def Info: RP2.jpg  used on input line 942.
(pdftex.def)             Requested size: 71.12088pt x 71.12523pt.

Overfull \vbox (4.6667pt too high) has occurred while \output is active []


[35 <./RP2.jpg>]
<Mani2.jpg, id=231, 227.34938pt x 170.88844pt>
File: Mani2.jpg Graphic file (type jpg)
<use Mani2.jpg>
Package pdftex.def Info: Mani2.jpg  used on input line 973.
(pdftex.def)             Requested size: 71.13322pt x 71.1338pt.

Overfull \vbox (4.6667pt too high) has occurred while \output is active []


[36 <./Mani2.jpg>]
<TJT2.jpg, id=236, 97.86563pt x 97.86563pt>
File: TJT2.jpg Graphic file (type jpg)
<use TJT2.jpg>
Package pdftex.def Info: TJT2.jpg  used on input line 1002.
(pdftex.def)             Requested size: 71.13516pt x 71.13516pt.

Overfull \vbox (4.6667pt too high) has occurred while \output is active []


[37 <./TJT2.jpg>]
<GR3.jpg, id=242, 202.7575pt x 184.69pt>
File: GR3.jpg Graphic file (type jpg)
<use GR3.jpg>
Package pdftex.def Info: GR3.jpg  used on input line 1026.
(pdftex.def)             Requested size: 71.13326pt x 71.13263pt.

! Illegal unit of measure (pt inserted).
<to be read again> 
                   T
l.1041 Tra
          ffic congestion is a thorny issue to many large and medium-sized c...

? r
OK, entering \nonstopmode...

Overfull \vbox (4.6667pt too high) has occurred while \output is active []


[38 <./GR3.jpg>]
<CMA2.jpg, id=247, 227.85126pt x 227.85126pt>
File: CMA2.jpg Graphic file (type jpg)
<use CMA2.jpg>
Package pdftex.def Info: CMA2.jpg  used on input line 1052.
(pdftex.def)             Requested size: 71.1338pt x 71.1338pt.

Overfull \vbox (4.6667pt too high) has occurred while \output is active []


[39 <./CMA2.jpg>]
<RK2.jpg, id=252, 162.6075pt x 162.6075pt>
File: RK2.jpg Graphic file (type jpg)
<use RK2.jpg>
Package pdftex.def Info: RK2.jpg  used on input line 1077.
(pdftex.def)             Requested size: 71.13315pt x 71.13315pt.

Overfull \vbox (4.6667pt too high) has occurred while \output is active []


[40 <./RK2.jpg>]
<SFA.jpg, id=257, 202.7575pt x 202.7575pt>
File: SFA.jpg Graphic file (type jpg)
<use SFA.jpg>
Package pdftex.def Info: SFA.jpg  used on input line 1120.
(pdftex.def)             Requested size: 71.13326pt x 71.13326pt.

Overfull \vbox (4.6667pt too high) has occurred while \output is active []


[41 <./SFA.jpg>]
<JM.jpg, id=262, 100.375pt x 123.46124pt>
File: JM.jpg Graphic file (type jpg)
<use JM.jpg>
Package pdftex.def Info: JM.jpg  used on input line 1144.
(pdftex.def)             Requested size: 71.13655pt x 71.1347pt.


LaTeX Warning: Command \textperiodcentered invalid in math mode on input line 1
163.


LaTeX Warning: Command \textperiodcentered invalid in math mode on input line 1
163.

Missing character: There is no · in font cmr10!

Underfull \hbox (badness 10000) in paragraph at lines 1159--1175

 []


Underfull \hbox (badness 10000) in paragraph at lines 1159--1175

 []


Underfull \hbox (badness 10000) in paragraph at lines 1159--1175

 []


Underfull \hbox (badness 10000) in paragraph at lines 1159--1175

 []


Overfull \vbox (4.6667pt too high) has occurred while \output is active []


[42 <./JM.jpg>]
<BR.jpg, id=269, 202.7575pt x 202.7575pt>
File: BR.jpg Graphic file (type jpg)
<use BR.jpg>
Package pdftex.def Info: BR.jpg  used on input line 1187.
(pdftex.def)             Requested size: 71.13326pt x 71.13326pt.

Overfull \vbox (4.6667pt too high) has occurred while \output is active []


[43 <./BR.jpg>]
<SSR3.jpg, id=275, 241.3818pt x 193.2018pt>
File: SSR3.jpg Graphic file (type jpg)
<use SSR3.jpg>
Package pdftex.def Info: SSR3.jpg  used on input line 1212.
(pdftex.def)             Requested size: 71.13335pt x 71.13272pt.

Overfull \vbox (4.6667pt too high) has occurred while \output is active []


[44 <./SSR3.jpg>]
<JP2.jpg, id=280, 82.3075pt x 130.4875pt>
File: JP2.jpg Graphic file (type jpg)
<use JP2.jpg>
Package pdftex.def Info: JP2.jpg  used on input line 1250.
(pdftex.def)             Requested size: 71.13345pt x 71.13318pt.

Overfull \hbox (21.83098pt too wide) in paragraph at lines 1265--1266
[]\OT1/cmr/m/n/10.95 Volterra In-te-gral Equa-tion plays an im-por-tant role in
 Math-e-mat-i-cal Sci-ences/Mathematical
 []


Overfull \vbox (4.6667pt too high) has occurred while \output is active []


[45 <./JP2.jpg>]
<DG2.jpg, id=285, 965.6075pt x 724.7075pt>
File: DG2.jpg Graphic file (type jpg)
<use DG2.jpg>
Package pdftex.def Info: DG2.jpg  used on input line 1275.
(pdftex.def)             Requested size: 71.12085pt x 71.1259pt.

Overfull \vbox (4.6667pt too high) has occurred while \output is active []


[46 <./DG2.jpg>]
<NA2.jpg, id=290, 435.6275pt x 435.6275pt>
File: NA2.jpg Graphic file (type jpg)
<use NA2.jpg>
Package pdftex.def Info: NA2.jpg  used on input line 1303.
(pdftex.def)             Requested size: 71.13095pt x 71.13095pt.

Overfull \vbox (4.6667pt too high) has occurred while \output is active []


[47 <./NA2.jpg>]
<Wang2.jpg, id=295, 127.22531pt x 174.6525pt>
File: Wang2.jpg Graphic file (type jpg)
<use Wang2.jpg>
Package pdftex.def Info: Wang2.jpg  used on input line 1332.
(pdftex.def)             Requested size: 71.13503pt x 71.13095pt.

Overfull \vbox (4.6667pt too high) has occurred while \output is active []


[48 <./Wang2.jpg>]
<HD2.jpg, id=300, 111.41624pt x 121.45375pt>
File: HD2.jpg Graphic file (type jpg)
<use HD2.jpg>
Package pdftex.def Info: HD2.jpg  used on input line 1357.
(pdftex.def)             Requested size: 71.13274pt x 71.13075pt.

Overfull \vbox (4.6667pt too high) has occurred while \output is active []


[49 <./HD2.jpg>]
Overfull \vbox (4.6667pt too high) has occurred while \output is active []


[50]
Overfull \hbox (12.0pt too wide) in paragraph at lines 1413--1414
[][] 
 []


Overfull \vbox (4.6667pt too high) has occurred while \output is active []


[51]
Overfull \hbox (12.0pt too wide) in paragraph at lines 1454--1455
[][] 
 []


Overfull \vbox (4.6667pt too high) has occurred while \output is active []


[52]
Overfull \hbox (12.0pt too wide) in paragraph at lines 1507--1508
[][] 
 []


Overfull \hbox (12.0pt too wide) in paragraph at lines 1530--1532
[][] 
 []


Overfull \vbox (4.6667pt too high) has occurred while \output is active []


[53]
Overfull \hbox (12.0pt too wide) in paragraph at lines 1565--1566
[][] 
 []


Overfull \vbox (4.6667pt too high) has occurred while \output is active []


[54]
Overfull \hbox (12.0pt too wide) in paragraph at lines 1625--1626
[][] 
 []


Overfull \vbox (4.6667pt too high) has occurred while \output is active []


[55]
Overfull \hbox (12.0pt too wide) in paragraph at lines 1649--1650
[][] 
 []

! Missing $ inserted.
<inserted text> 
                $
l.1668 {\bf Email:} krish.math23@gmail.com \& kar_
                                                  s_k@yahoo.com
I've inserted a begin-math/end-math symbol since I think
you left one out. Proceed, with fingers crossed.

! Double subscript.
l.1668 ...Email:} krish.math23@gmail.com \& kar_s_
                                                  k@yahoo.com
I treat `x_1_2' essentially like `x_1{}_2'.


! LaTeX Error: Command \end{flushleft} invalid in math mode.

See the LaTeX manual or LaTeX Companion for explanation.
Type  H <return>  for immediate help.
 ...                                              
                                                  
l.1669 \end{flushleft}
                      
Try typing  <return>  to proceed.
If that doesn't work, type  X <return>  to quit.


! LaTeX Error: Something's wrong--perhaps a missing \item.

See the LaTeX manual or LaTeX Companion for explanation.
Type  H <return>  for immediate help.
 ...                                              
                                                  
l.1669 \end{flushleft}
                      
Try typing  <return>  to proceed.
If that doesn't work, type  X <return>  to quit.


! LaTeX Error: Something's wrong--perhaps a missing \item.

See the LaTeX manual or LaTeX Companion for explanation.
Type  H <return>  for immediate help.
 ...                                              
                                                  
l.1669 \end{flushleft}
                      
Try typing  <return>  to proceed.
If that doesn't work, type  X <return>  to quit.

! Missing $ inserted.
<inserted text> 
                $
l.1669 \end{flushleft}
                      
I've inserted something that you may have forgotten.
(See the <inserted text> above.)
With luck, this will get me unwedged. But if you
really didn't forget anything, try typing `2' now; then
my insertion and my current dilemma will both disappear.


Overfull \vbox (4.6667pt too high) has occurred while \output is active []


[56]
Overfull \hbox (12.0pt too wide) in paragraph at lines 1675--1676
[][] 
 []


Overfull \vbox (4.6667pt too high) has occurred while \output is active []


[57]
Overfull \hbox (12.0pt too wide) in paragraph at lines 1727--1728
[][] 
 []


Overfull \vbox (4.6667pt too high) has occurred while \output is active []


[58]
Overfull \hbox (12.0pt too wide) in paragraph at lines 1754--1755
[][] 
 []


Overfull \vbox (4.6667pt too high) has occurred while \output is active []


[59]
Overfull \hbox (12.0pt too wide) in paragraph at lines 1783--1784
[][] 
 []


Overfull \hbox (12.0pt too wide) in paragraph at lines 1814--1816
[][] 
 []


Overfull \vbox (4.6667pt too high) has occurred while \output is active []


[60]
Overfull \hbox (12.0pt too wide) in paragraph at lines 1849--1850
[][] 
 []


Overfull \vbox (4.6667pt too high) has occurred while \output is active []


[61]
Overfull \hbox (12.0pt too wide) in paragraph at lines 1905--1906
[][] 
 []


Overfull \vbox (4.6667pt too high) has occurred while \output is active []


[62]
Overfull \hbox (12.0pt too wide) in paragraph at lines 1961--1962
[][] 
 []


Overfull \vbox (4.6667pt too high) has occurred while \output is active []


[63]
Overfull \hbox (12.0pt too wide) in paragraph at lines 1991--1992
[][] 
 []


Overfull \hbox (12.0pt too wide) in paragraph at lines 2018--2019
[][] 
 []


Overfull \vbox (4.6667pt too high) has occurred while \output is active []


[64]
Overfull \hbox (12.0pt too wide) in paragraph at lines 2049--2050
[][] 
 []


Overfull \vbox (4.6667pt too high) has occurred while \output is active []


[65]
Overfull \vbox (4.6667pt too high) has occurred while \output is active []


[66]
Overfull \vbox (4.6667pt too high) has occurred while \output is active []


[67]
Overfull \hbox (12.0pt too wide) in paragraph at lines 2167--2168
[][] 
 []


Overfull \vbox (4.6667pt too high) has occurred while \output is active []


[68]
Overfull \hbox (12.0pt too wide) in paragraph at lines 2197--2198
[][] 
 []


Overfull \vbox (4.6667pt too high) has occurred while \output is active []


[69]
Overfull \hbox (12.0pt too wide) in paragraph at lines 2223--2224
[][] 
 []


Overfull \vbox (4.6667pt too high) has occurred while \output is active []


[70]
Overfull \hbox (12.0pt too wide) in paragraph at lines 2286--2287
[][] 
 []


Overfull \vbox (4.6667pt too high) has occurred while \output is active []


[71]
Overfull \hbox (12.0pt too wide) in paragraph at lines 2310--2311
[][] 
 []


Overfull \vbox (4.6667pt too high) has occurred while \output is active []


[72]
Overfull \hbox (12.0pt too wide) in paragraph at lines 2363--2364
[][] 
 []


Overfull \vbox (4.6667pt too high) has occurred while \output is active []


[73]

! Package inputenc Error: Unicode character âˆ’ (U+2212)
(inputenc)                not set up for use with LaTeX.

See the inputenc package documentation for explanation.
Type  H <return>  for immediate help.
 ...                                              
                                                  
l.2389 ...table acceptor density, around 1015cmâˆ’
                                                  3, large layer thickness o...

You may provide a definition with
\DeclareUnicodeCharacter 


Overfull \hbox (12.0pt too wide) in paragraph at lines 2391--2392
[][] 
 []


Overfull \vbox (4.6667pt too high) has occurred while \output is active []


[74]
Overfull \hbox (12.0pt too wide) in paragraph at lines 2438--2439
[][] 
 []


Overfull \vbox (4.6667pt too high) has occurred while \output is active []


[75]
Overfull \hbox (12.0pt too wide) in paragraph at lines 2463--2464
[][] 
 []


Overfull \vbox (4.6667pt too high) has occurred while \output is active []


[76]
Overfull \hbox (12.0pt too wide) in paragraph at lines 2491--2492
[][] 
 []


Overfull \vbox (4.6667pt too high) has occurred while \output is active []


[77]
Overfull \hbox (12.0pt too wide) in paragraph at lines 2518--2519
[][] 
 []


Overfull \vbox (4.6667pt too high) has occurred while \output is active []


[78]
Overfull \hbox (12.0pt too wide) in paragraph at lines 2584--2585
[][] 
 []


Overfull \vbox (4.6667pt too high) has occurred while \output is active []


[79]
Overfull \hbox (12.0pt too wide) in paragraph at lines 2612--2613
[][] 
 []


Overfull \vbox (4.6667pt too high) has occurred while \output is active []


[80]
Overfull \hbox (12.0pt too wide) in paragraph at lines 2640--2641
[][] 
 []


Overfull \vbox (4.6667pt too high) has occurred while \output is active []


[81]
Overfull \hbox (12.0pt too wide) in paragraph at lines 2705--2706
[][] 
 []


Overfull \vbox (4.6667pt too high) has occurred while \output is active []


[82]
Overfull \hbox (12.0pt too wide) in paragraph at lines 2751--2752
[][] 
 []


Overfull \vbox (4.6667pt too high) has occurred while \output is active []


[83]
Overfull \vbox (4.6667pt too high) has occurred while \output is active []


[84]
Overfull \hbox (12.0pt too wide) in paragraph at lines 2880--2881
[][] 
 []


Overfull \vbox (4.6667pt too high) has occurred while \output is active []


[85]
Overfull \hbox (12.0pt too wide) in paragraph at lines 2930--2931
[][] 
 []


Overfull \vbox (4.6667pt too high) has occurred while \output is active []


[86]
Overfull \hbox (12.0pt too wide) in paragraph at lines 2959--2960
[][] 
 []


Overfull \vbox (4.6667pt too high) has occurred while \output is active []


[87]
! Missing $ inserted.
<inserted text> 
                $
l.3021 ...aimsciences.org/journal/1937-1632/DCDSS_
                                                  Special6)
I've inserted a begin-math/end-math symbol since I think
you left one out. Proceed, with fingers crossed.

! Missing $ inserted.
<inserted text> 
                $
l.3022 
       
I've inserted a begin-math/end-math symbol since I think
you left one out. Proceed, with fingers crossed.

! Missing } inserted.
<inserted text> 
                }
l.3022 
       
I've inserted something that you may have forgotten.
(See the <inserted text> above.)
With luck, this will get me unwedged. But if you
really didn't forget anything, try typing `2' now; then
my insertion and my current dilemma will both disappear.

! Extra }, or forgotten \endgroup.
\@par ... \@noitemerr {\@@par }\fi \else {\@@par }
                                                  \fi 
l.3022 
       
I've deleted a group-closing symbol because it seems to be
spurious, as in `$x}$'. But perhaps the } is legitimate and
you forgot something else, as in `\hbox{$x}'. In such cases
the way to recover is to insert both the forgotten and the
deleted material, e.g., by typing `I$}'.

! Missing $ inserted.
<inserted text> 
                $
l.3049 (www.mmnsa.org/index.php/mmnsa/special_
                                              issues)
I've inserted a begin-math/end-math symbol since I think
you left one out. Proceed, with fingers crossed.

! Missing $ inserted.
<inserted text> 
                $
l.3050 
       
I've inserted a begin-math/end-math symbol since I think
you left one out. Proceed, with fingers crossed.

! Missing } inserted.
<inserted text> 
                }
l.3050 
       
I've inserted something that you may have forgotten.
(See the <inserted text> above.)
With luck, this will get me unwedged. But if you
really didn't forget anything, try typing `2' now; then
my insertion and my current dilemma will both disappear.

! Extra }, or forgotten \endgroup.
\@par ... \@noitemerr {\@@par }\fi \else {\@@par }
                                                  \fi 
l.3050 
       
I've deleted a group-closing symbol because it seems to be
spurious, as in `$x}$'. But perhaps the } is legitimate and
you forgot something else, as in `\hbox{$x}'. In such cases
the way to recover is to insert both the forgotten and the
deleted material, e.g., by typing `I$}'.


Overfull \vbox (4.6667pt too high) has occurred while \output is active []


[88]
Overfull \hbox (2.16608pt too wide) in paragraph at lines 3103--3105
\OT1/cmr/m/n/10.95 (www.springer.com/journal/44007/updates/20137702?fbclid=IwAR
32xQQKSYcmAK2-
 []


Overfull \vbox (4.6667pt too high) has occurred while \output is active []


[89]

pdfTeX warning: pdflatex.exe (file ./backcover.pdf): PDF inclusion: found PDF v
ersion <1.7>, but at most version <1.5> allowed
<backcover.pdf, id=485, 597.23125pt x 845.1575pt>
File: backcover.pdf Graphic file (type pdf)
<use backcover.pdf>
Package pdftex.def Info: backcover.pdf  used on input line 3122.
(pdftex.def)             Requested size: 597.22978pt x 845.15544pt.


pdfTeX warning: pdflatex.exe (file ./backcover.pdf): PDF inclusion: found PDF v
ersion <1.7>, but at most version <1.5> allowed
File: backcover.pdf Graphic file (type pdf)
<use backcover.pdf>
Package pdftex.def Info: backcover.pdf  used on input line 3122.
(pdftex.def)             Requested size: 597.22978pt x 845.15544pt.


pdfTeX warning: pdflatex.exe (file ./backcover.pdf): PDF inclusion: found PDF v
ersion <1.7>, but at most version <1.5> allowed


pdfTeX warning: pdflatex.exe (file ./backcover.pdf): PDF inclusion: found PDF v
ersion <1.7>, but at most version <1.5> allowed
<backcover.pdf, id=488, page=1, 597.23125pt x 845.1575pt>
File: backcover.pdf Graphic file (type pdf)
<use backcover.pdf, page 1>
Package pdftex.def Info: backcover.pdf , page1 used on input line 3122.
(pdftex.def)             Requested size: 597.22978pt x 845.15544pt.
File: backcover.pdf Graphic file (type pdf)
<use backcover.pdf, page 1>
Package pdftex.def Info: backcover.pdf , page1 used on input line 3122.
(pdftex.def)             Requested size: 561.86221pt x 795.10587pt.
File: backcover.pdf Graphic file (type pdf)
<use backcover.pdf, page 1>
Package pdftex.def Info: backcover.pdf , page1 used on input line 3122.
(pdftex.def)             Requested size: 561.86221pt x 795.10587pt.
File: backcover.pdf Graphic file (type pdf)
<use backcover.pdf, page 1>
Package pdftex.def Info: backcover.pdf , page1 used on input line 3122.
(pdftex.def)             Requested size: 561.86221pt x 795.10587pt.
File: backcover.pdf Graphic file (type pdf)
<use backcover.pdf, page 1>
Package pdftex.def Info: backcover.pdf , page1 used on input line 3122.
(pdftex.def)             Requested size: 561.86221pt x 795.10587pt.
[90 <./backcover.pdf>] (Abstract Book-1.aux)
Package rerunfilecheck Info: File `"Abstract Book-1".out' has not changed.
(rerunfilecheck)             Checksum: D41D8CD98F00B204E9800998ECF8427E;0.
 ) 
Here is how much of TeX's memory you used:
 13024 strings out of 478864
 197759 string characters out of 2845780
 592232 words of memory out of 3000000
 30473 multiletter control sequences out of 15000+600000
 420828 words of font info for 95 fonts, out of 8000000 for 9000
 1302 hyphenation exceptions out of 8191
 71i,19n,81p,1647b,482s stack positions out of 5000i,500n,10000p,200000b,80000s
 <C:\Users\rahul goyal\AppData\Local\MiKTeX\fonts/pk/ljfour/jknappen/ec/dpi60
0\tcrm1095.pk><C:/Users/rahul goyal/AppData/Local/Programs/MiKTeX/fonts/type1/p
ublic/amsfonts/cm/cmbx10.pfb><C:/Users/rahul goyal/AppData/Local/Programs/MiKTe
X/fonts/type1/public/amsfonts/cm/cmbx12.pfb><C:/Users/rahul goyal/AppData/Local
/Programs/MiKTeX/fonts/type1/public/amsfonts/cm/cmex10.pfb><C:/Users/rahul goya
l/AppData/Local/Programs/MiKTeX/fonts/type1/public/amsfonts/cm/cmmi10.pfb><C:/U
sers/rahul goyal/AppData/Local/Programs/MiKTeX/fonts/type1/public/amsfonts/cm/c
mmi8.pfb><C:/Users/rahul goyal/AppData/Local/Programs/MiKTeX/fonts/type1/public
/amsfonts/cm/cmr10.pfb><C:/Users/rahul goyal/AppData/Local/Programs/MiKTeX/font
s/type1/public/amsfonts/cm/cmr12.pfb><C:/Users/rahul goyal/AppData/Local/Progra
ms/MiKTeX/fonts/type1/public/amsfonts/cm/cmr17.pfb><C:/Users/rahul goyal/AppDat
a/Local/Programs/MiKTeX/fonts/type1/public/amsfonts/cm/cmr8.pfb><C:/Users/rahul
 goyal/AppData/Local/Programs/MiKTeX/fonts/type1/public/amsfonts/cm/cmsy10.pfb>
<C:/Users/rahul goyal/AppData/Local/Programs/MiKTeX/fonts/type1/public/amsfonts
/cm/cmsy8.pfb><C:/Users/rahul goyal/AppData/Local/Programs/MiKTeX/fonts/type1/p
ublic/amsfonts/cm/cmti12.pfb><C:/Users/rahul goyal/AppData/Local/Programs/MiKTe
X/fonts/type1/public/amsfonts/cm/cmtt10.pfb>
Output written on "Abstract Book-1.pdf" (90 pages, 3650666 bytes).
PDF statistics:
 580 PDF objects out of 1000 (max. 8388607)
 102 named destinations out of 1000 (max. 500000)
 236 words of extra memory for PDF output out of 10000 (max. 10000000)

